<?xml version="1.0" encoding="UTF-8"?>
<!-- Generated by org.testng.reporters.JUnitXMLReporter -->
<testsuite ignored="1" hostname="DESKTOP-VECQEDQ" failures="1" tests="2" name="Test" time="29.568" errors="0" timestamp="2023-07-03T18:04:54 IST">
  <testcase classname="Tests.LoginTest" name="verifyLoginTitle" time="2.889">
    <failure type="java.lang.AssertionError" message="Actual Title :OrangeHRM does not match with exp title: OrangeHRM123 expected [OrangeHRM123] but found [OrangeHRM]">
      <![CDATA[java.lang.AssertionError: Actual Title :OrangeHRM does not match with exp title: OrangeHRM123 expected [OrangeHRM123] but found [OrangeHRM]
at Tests.LoginTest.verifyLoginTitle(LoginTest.java:32)
at java.base/java.util.concurrent.ThreadPoolExecutor.runWorker(ThreadPoolExecutor.java:1144)
at java.base/java.util.concurrent.ThreadPoolExecutor$Worker.run(ThreadPoolExecutor.java:642)
at java.base/java.lang.Thread.run(Thread.java:1589)
... Removed 15 stack frames]]>
    </failure>
  </testcase> <!-- verifyLoginTitle -->
  <testcase classname="Tests.LoginTest2" name="verifyLoginUrl" time="2.496"/>
  <testcase classname="Tests.BaseTest" name="@BeforeSuite loadPropertyFile" time="0.0">
    <ignored/>
  </testcase> <!-- @BeforeSuite loadPropertyFile -->
</testsuite> <!-- Test -->
